============================= test session starts ==============================
platform linux -- Python 3.12.13, pytest-9.1.1, pluggy-1.6.0 -- /home/wolfhard/k2lab_runpod/.venv/bin/python
cachedir: .pytest_cache
rootdir: /home/wolfhard/k2lab_runpod
configfile: pyproject.toml
plugins: anyio-4.14.2, timeout-2.4.0
timeout: 3.0s
timeout method: thread
timeout func_only: False
collecting ... collected 1 item

tests/test_workspace_agent.py::WorkspaceAgentTests::test_chunked_upload_resumes_verifies_and_updates_inventory +++++++++++++++++++++++++++++++++++ Timeout ++++++++++++++++++++++++++++++++++++
~~~~~~~~~~~~~~~~~~~~~ Stack of asyncio_0 (140192196396736) ~~~~~~~~~~~~~~~~~~~~~
  File "/usr/lib64/python3.12/threading.py", line 1032, in _bootstrap
    self._bootstrap_inner()
  File "/usr/lib64/python3.12/threading.py", line 1075, in _bootstrap_inner
    self.run()
  File "/usr/lib64/python3.12/threading.py", line 1012, in run
    self._target(*self._args, **self._kwargs)
  File "/usr/lib64/python3.12/concurrent/futures/thread.py", line 90, in _worker
    work_item = work_queue.get(block=True)
~~~~~~~~~~~~~~~~~~~~ Stack of MainThread (140193222814656) ~~~~~~~~~~~~~~~~~~~~~
  File "<frozen runpy>", line 198, in _run_module_as_main
  File "<frozen runpy>", line 88, in _run_code
  File "/home/wolfhard/k2lab_runpod/.venv/lib64/python3.12/site-packages/pytest/__main__.py", line 9, in <module>
    raise SystemExit(_console_main())
  File "/home/wolfhard/k2lab_runpod/.venv/lib64/python3.12/site-packages/_pytest/config/__init__.py", line 253, in _console_main
    code = _main(prog=_get_prog_name(sys.argv))
  File "/home/wolfhard/k2lab_runpod/.venv/lib64/python3.12/site-packages/_pytest/config/__init__.py", line 229, in _main
    ret: ExitCode | int = config.hook.pytest_cmdline_main(config=config)
  File "/home/wolfhard/k2lab_runpod/.venv/lib64/python3.12/site-packages/pluggy/_hooks.py", line 512, in __call__
    return self._hookexec(self.name, self._hookimpls.copy(), kwargs, firstresult)
  File "/home/wolfhard/k2lab_runpod/.venv/lib64/python3.12/site-packages/pluggy/_manager.py", line 120, in _hookexec
    return self._inner_hookexec(hook_name, methods, kwargs, firstresult)
  File "/home/wolfhard/k2lab_runpod/.venv/lib64/python3.12/site-packages/pluggy/_callers.py", line 121, in _multicall
    res = hook_impl.function(*args)
  File "/home/wolfhard/k2lab_runpod/.venv/lib64/python3.12/site-packages/_pytest/main.py", line 377, in pytest_cmdline_main
    return wrap_session(config, _main)
  File "/home/wolfhard/k2lab_runpod/.venv/lib64/python3.12/site-packages/_pytest/main.py", line 330, in wrap_session
    session.exitstatus = doit(config, session) or 0
  File "/home/wolfhard/k2lab_runpod/.venv/lib64/python3.12/site-packages/_pytest/main.py", line 384, in _main
    config.hook.pytest_runtestloop(session=session)
  File "/home/wolfhard/k2lab_runpod/.venv/lib64/python3.12/site-packages/pluggy/_hooks.py", line 512, in __call__
    return self._hookexec(self.name, self._hookimpls.copy(), kwargs, firstresult)
  File "/home/wolfhard/k2lab_runpod/.venv/lib64/python3.12/site-packages/pluggy/_manager.py", line 120, in _hookexec
    return self._inner_hookexec(hook_name, methods, kwargs, firstresult)
  File "/home/wolfhard/k2lab_runpod/.venv/lib64/python3.12/site-packages/pluggy/_callers.py", line 121, in _multicall
    res = hook_impl.function(*args)
  File "/home/wolfhard/k2lab_runpod/.venv/lib64/python3.12/site-packages/_pytest/main.py", line 408, in pytest_runtestloop
    item.config.hook.pytest_runtest_protocol(item=item, nextitem=nextitem)
  File "/home/wolfhard/k2lab_runpod/.venv/lib64/python3.12/site-packages/pluggy/_hooks.py", line 512, in __call__
    return self._hookexec(self.name, self._hookimpls.copy(), kwargs, firstresult)
  File "/home/wolfhard/k2lab_runpod/.venv/lib64/python3.12/site-packages/pluggy/_manager.py", line 120, in _hookexec
    return self._inner_hookexec(hook_name, methods, kwargs, firstresult)
  File "/home/wolfhard/k2lab_runpod/.venv/lib64/python3.12/site-packages/pluggy/_callers.py", line 121, in _multicall
    res = hook_impl.function(*args)
  File "/home/wolfhard/k2lab_runpod/.venv/lib64/python3.12/site-packages/_pytest/runner.py", line 118, in pytest_runtest_protocol
    runtestprotocol(item, nextitem=nextitem)
  File "/home/wolfhard/k2lab_runpod/.venv/lib64/python3.12/site-packages/_pytest/runner.py", line 139, in runtestprotocol
    reports.append(call_and_report(item, "call", log))
  File "/home/wolfhard/k2lab_runpod/.venv/lib64/python3.12/site-packages/_pytest/runner.py", line 249, in call_and_report
    call = CallInfo.from_call(
  File "/home/wolfhard/k2lab_runpod/.venv/lib64/python3.12/site-packages/_pytest/runner.py", line 361, in from_call
    result: TResult | None = func()
  File "/home/wolfhard/k2lab_runpod/.venv/lib64/python3.12/site-packages/_pytest/runner.py", line 250, in <lambda>
    lambda: runtest_hook(item=item, **kwds),
  File "/home/wolfhard/k2lab_runpod/.venv/lib64/python3.12/site-packages/pluggy/_hooks.py", line 512, in __call__
    return self._hookexec(self.name, self._hookimpls.copy(), kwargs, firstresult)
  File "/home/wolfhard/k2lab_runpod/.venv/lib64/python3.12/site-packages/pluggy/_manager.py", line 120, in _hookexec
    return self._inner_hookexec(hook_name, methods, kwargs, firstresult)
  File "/home/wolfhard/k2lab_runpod/.venv/lib64/python3.12/site-packages/pluggy/_callers.py", line 121, in _multicall
    res = hook_impl.function(*args)
  File "/home/wolfhard/k2lab_runpod/.venv/lib64/python3.12/site-packages/_pytest/runner.py", line 184, in pytest_runtest_call
    item.runtest()
  File "/home/wolfhard/k2lab_runpod/.venv/lib64/python3.12/site-packages/_pytest/unittest.py", line 391, in runtest
    testcase(result=self)
  File "/usr/lib64/python3.12/unittest/case.py", line 690, in __call__
    return self.run(*args, **kwds)
  File "/usr/lib64/python3.12/unittest/async_case.py", line 132, in run
    return super().run(result)
  File "/usr/lib64/python3.12/unittest/case.py", line 634, in run
    self._callTestMethod(testMethod)
  File "/usr/lib64/python3.12/unittest/async_case.py", line 91, in _callTestMethod
    if self._callMaybeAsync(method) is not None:
  File "/usr/lib64/python3.12/unittest/async_case.py", line 113, in _callMaybeAsync
    return self._asyncioRunner.run(
  File "/usr/lib64/python3.12/asyncio/runners.py", line 118, in run
    return self._loop.run_until_complete(task)
  File "/usr/lib64/python3.12/asyncio/base_events.py", line 678, in run_until_complete
    self.run_forever()
  File "/usr/lib64/python3.12/asyncio/base_events.py", line 645, in run_forever
    self._run_once()
  File "/usr/lib64/python3.12/asyncio/base_events.py", line 1961, in _run_once
    event_list = self._selector.select(timeout)
  File "/usr/lib64/python3.12/selectors.py", line 468, in select
    fd_event_list = self._selector.poll(timeout, max_ev)
+++++++++++++++++++++++++++++++++++ Timeout ++++++++++++++++++++++++++++++++++++
